########### array before sorts ###########
0	0.000000	0.000000	35.000000	0.000000	n
1	41.000000	0.000000	75.900000	0.000000	n
2	75.900000	0.000000	76.000000	0.000000	n
3	0.000000	73.600000	0.000000	38.000000	n
4	0.000000	23.000000	0.000000	0.000000	n
5	0.000000	23.000000	-0.500000	23.000000	n
6	-0.500000	23.000000	-0.500000	38.000000	n
7	-0.500000	38.000000	0.000000	38.000000	n
8	35.000000	0.000000	35.000000	2.550000	n
9	35.000000	2.550000	41.000000	2.550000	n
10	41.000000	2.550000	41.000000	0.000000	n
11	75.900000	0.000000	106.820000	0.000000	n
12	106.820000	0.000000	106.820000	108.070000	n
13	106.820000	108.070000	0.000000	108.070000	n
14	0.000000	108.070000	0.000000	73.600000	n
Tolerance=0.050000.
*Exact match for i=0 and j=8.
*i point 0.000000	0.000000	35.000000	0.000000	y
*Exact match for i=1 and j=9.
*i point 35.000000	0.000000	35.000000	2.550000	y
*Exact match for i=2 and j=10.
*i point 35.000000	2.550000	41.000000	2.550000	y
*Exact match for i=3 and j=8.
*i point 41.000000	2.550000	41.000000	0.000000	y
*Exact match for i=4 and j=9.
*i point 41.000000	0.000000	75.900000	0.000000	y
No match for i=5.
########### array after sorts ###########
0	0.000000	0.000000	35.000000	0.000000	y
1	35.000000	0.000000	35.000000	2.550000	y
2	35.000000	2.550000	41.000000	2.550000	y
3	41.000000	2.550000	41.000000	0.000000	y
4	41.000000	0.000000	75.900000	0.000000	y
5	75.900000	0.000000	76.000000	0.000000	y
6	-0.500000	23.000000	-0.500000	38.000000	n
7	-0.500000	38.000000	0.000000	38.000000	n
8	0.000000	23.000000	0.000000	0.000000	n
9	0.000000	23.000000	-0.500000	23.000000	n
10	0.000000	73.600000	0.000000	38.000000	n
11	75.900000	0.000000	106.820000	0.000000	n
12	106.820000	0.000000	106.820000	108.070000	n
13	106.820000	108.070000	0.000000	108.070000	n
14	0.000000	108.070000	0.000000	73.600000	n
***************
DISPLAY -20 103;LAYER ?? -103;LAYER 103 IDFDebug;SET COLOR_LAYER 103 red;CIRCLE (76.000000 0.000000) (78.000000 0.000000);change width 0.01;
SET Wire_Bend 2;
WIRE ( 0.000000 0.000000) (35.000000 0.000000);WIRE ( 35.000000 0.000000) (35.000000 2.550000);WIRE ( 35.000000 2.550000) (41.000000 2.550000);WIRE ( 41.000000 2.550000) (41.000000 0.000000);WIRE ( 41.000000 0.000000) (75.900000 0.000000);WIRE ( 75.900000 0.000000) (76.000000 0.000000);DISPLAY NONE;DISPLAY 20 103;WINDOW FIT;***************
.BOARD_OUTLINE UNOWNED
1.6
0     0.000000     0.000000     0
0     35.000000     0.000000     0
0     35.000000     2.550000     0
0     41.000000     2.550000     0
0     41.000000     0.000000     0
0     75.900000     0.000000     0
